\BOOKMARK [1][-]{section.1}{Wstep}{}% 1
\BOOKMARK [2][-]{subsection.1.1}{Problematyka}{section.1}% 2
\BOOKMARK [2][-]{subsection.1.2}{Cel i zakres pracy}{section.1}% 3
\BOOKMARK [1][-]{section.2}{Teoria}{}% 4
\BOOKMARK [2][-]{subsection.2.1}{Rynek aplikacji mobilnych}{section.2}% 5
\BOOKMARK [2][-]{subsection.2.2}{Programowanie aplikacji na urzadzenia mobilne}{section.2}% 6
\BOOKMARK [2][-]{subsection.2.3}{Speech to text}{section.2}% 7
\BOOKMARK [2][-]{subsection.2.4}{Bazy danych i ich rodzaje}{section.2}% 8
\BOOKMARK [2][-]{subsection.2.5}{Chmurowe bazy danych}{section.2}% 9
\BOOKMARK [2][-]{subsection.2.6}{API}{section.2}% 10
\BOOKMARK [2][-]{subsection.2.7}{Analiza konkurencyjnych rozwiazan}{section.2}% 11
\BOOKMARK [3][-]{subsubsection.2.7.1}{Fitatu}{subsection.2.7}% 12
\BOOKMARK [3][-]{subsubsection.2.7.2}{Yazio}{subsection.2.7}% 13
\BOOKMARK [3][-]{subsubsection.2.7.3}{Fatsecret}{subsection.2.7}% 14
\BOOKMARK [2][-]{subsection.2.8}{Wymagania funkcjonalne}{section.2}% 15
\BOOKMARK [2][-]{subsection.2.9}{Wymagania niefunkcjonalne}{section.2}% 16
\BOOKMARK [1][-]{section.3}{Technologie i narzedzia wykorzystane w projekcie}{}% 17
\BOOKMARK [2][-]{subsection.3.1}{Dart}{section.3}% 18
\BOOKMARK [2][-]{subsection.3.2}{Flutter}{section.3}% 19
\BOOKMARK [2][-]{subsection.3.3}{Cloud Firestore}{section.3}% 20
\BOOKMARK [2][-]{subsection.3.4}{Android Studio}{section.3}% 21
\BOOKMARK [2][-]{subsection.3.5}{Android Emulator}{section.3}% 22
\BOOKMARK [2][-]{subsection.3.6}{VIM}{section.3}% 23
\BOOKMARK [1][-]{section.4}{Proces powstawania aplikacji}{}% 24
\BOOKMARK [2][-]{subsection.4.1}{Aplikacja od strony logiki}{section.4}% 25
\BOOKMARK [2][-]{subsection.4.2}{Aplikacja od strony uzytkownika}{section.4}% 26
\BOOKMARK [1][-]{section.5}{Podsumowanie}{}% 27
\BOOKMARK [1][-]{section.6}{Indeks rysunk\363w}{}% 28
\BOOKMARK [1][-]{section.7}{Bibliografia}{}% 29
